Alice joined
[0]/[1] Alice is thinking
Bob joined
[0]/[1] Bob is thinking
Carol joined
[0]/[1] Carol is thinking
David joined
[0]/[1] David is thinking
Esan joined
[0]/[1] Esan is thinking
[0]/[1] Esan becomes hungry
[0]/[1] Esan gets the right fork
[0]/[1] Esan gets the left fork
[0]/[1] David becomes hungry
[0]/[1] David gets the right fork
[0]/[1] David gets the left fork
[0]/[1] Alice becomes hungry
[0]/[1] Alice gets the right fork
[0]/[2] Alice is thinking
[0]/[1] Bob becomes hungry
[0]/[2] Bob is thinking
[0]/[2] Bob becomes hungry
[0]/[3] Bob is thinking
[0]/[3] Bob becomes hungry
[0]/[4] Bob is thinking
[0]/[1] Carol becomes hungry
[0]/[2] Carol is thinking
[0]/[2] Carol becomes hungry
[0]/[3] Carol is thinking
[1]/[1] Esan finishes 0th dinner
[1]/[2] Esan is thinking
[1]/[1] David finishes 0th dinner
[1]/[2] David is thinking
[0]/[4] Bob becomes hungry
[0]/[4] Bob gets the right fork
[0]/[4] Bob gets the left fork
[0]/[2] Alice becomes hungry
[0]/[2] Alice gets the right fork
[0]/[2] Alice gets the left fork
[1]/[2] Alice finishes 0th dinner
[1]/[3] Alice is thinking
[1]/[3] Alice becomes hungry
[1]/[3] Alice gets the right fork
[1]/[3] Alice gets the left fork
[0]/[3] Carol becomes hungry
[0]/[3] Carol gets the right fork
[0]/[4] Carol is thinking
[0]/[4] Carol becomes hungry
[0]/[4] Carol gets the right fork
[0]/[5] Carol is thinking
[1]/[2] Esan becomes hungry
[1]/[3] Esan is thinking
[1]/[2] David becomes hungry
[1]/[3] David is thinking
[1]/[4] Bob finishes 0th dinner
[1]/[5] Bob is thinking
[2]/[3] Alice finishes 1th dinner
[2]/[4] Alice is thinking
[1]/[3] David becomes hungry
[1]/[3] David gets the right fork
[1]/[3] David gets the left fork
[0]/[5] Carol becomes hungry
[0]/[5] Carol gets the right fork
[0]/[5] Carol gets the left fork
[1]/[5] Bob becomes hungry
[1]/[6] Bob is thinking
[2]/[4] Alice becomes hungry
[2]/[5] Alice is thinking
[1]/[3] Esan becomes hungry
[1]/[3] Esan gets the right fork
[1]/[4] Esan is thinking
[2]/[3] David finishes 1th dinner
[2]/[4] David is thinking
[1]/[5] Carol finishes 0th dinner
[1]/[6] Carol is thinking
[1]/[6] Bob becomes hungry
[1]/[6] Bob gets the right fork
[1]/[6] Bob gets the left fork
[1]/[4] Esan becomes hungry
[1]/[5] Esan is thinking
[2]/[5] Alice becomes hungry
[2]/[5] Alice gets the right fork
[2]/[5] Alice gets the left fork
[1]/[6] Carol becomes hungry
[1]/[6] Carol gets the right fork
[1]/[7] Carol is thinking
[3]/[5] Alice finishes 2th dinner
[3]/[6] Alice is thinking
[2]/[6] Bob finishes 1th dinner
[2]/[7] Bob is thinking
[2]/[4] David becomes hungry
[2]/[4] David gets the right fork
[2]/[4] David gets the left fork
[1]/[5] Esan becomes hungry
[1]/[5] Esan gets the right fork
[1]/[5] Esan gets the left fork
[1]/[7] Carol becomes hungry
[1]/[8] Carol is thinking
[3]/[4] David finishes 2th dinner
[3]/[5] David is thinking
[3]/[5] David becomes hungry
[3]/[5] David gets the right fork
[3]/[5] David gets the left fork
[2]/[7] Bob becomes hungry
[2]/[8] Bob is thinking
[2]/[8] Bob becomes hungry
[2]/[9] Bob is thinking
[3]/[6] Alice becomes hungry
[3]/[6] Alice gets the right fork
[3]/[7] Alice is thinking
[2]/[9] Bob becomes hungry
[2]/[10] Bob is thinking
[1]/[8] Carol becomes hungry
[1]/[9] Carol is thinking
[2]/[5] Esan finishes 1th dinner
[2]/[6] Esan is thinking
[3]/[7] Alice becomes hungry
[3]/[7] Alice gets the right fork
[3]/[8] Alice is thinking
[4]/[5] David finishes 3th dinner
[4]/[6] David is thinking
[1]/[9] Carol becomes hungry
[1]/[9] Carol gets the right fork
[1]/[9] Carol gets the left fork
[3]/[8] Alice becomes hungry
[3]/[9] Alice is thinking
[4]/[6] David becomes hungry
[4]/[6] David gets the right fork
[4]/[6] David gets the left fork
[2]/[10] Bob becomes hungry
[2]/[11] Bob is thinking
[2]/[11] Bob becomes hungry
[2]/[12] Bob is thinking
[2]/[12] Bob becomes hungry
[2]/[13] Bob is thinking
[2]/[6] Esan becomes hungry
[2]/[6] Esan gets the right fork
[2]/[7] Esan is thinking
[5]/[6] David finishes 4th dinner
[5]/[7] David is thinking
[3]/[9] Alice becomes hungry
[3]/[10] Alice is thinking
[2]/[9] Carol finishes 1th dinner
[2]/[10] Carol is thinking
[2]/[10] Carol becomes hungry
[2]/[10] Carol gets the right fork
[2]/[10] Carol gets the left fork
[2]/[13] Bob becomes hungry
[2]/[13] Bob gets the right fork
[2]/[13] Bob gets the left fork
[3]/[10] Carol finishes 2th dinner
[3]/[11] Carol is thinking
[2]/[7] Esan becomes hungry
[2]/[8] Esan is thinking
[2]/[8] Esan becomes hungry
[2]/[9] Esan is thinking
[3]/[10] Alice becomes hungry
[3]/[10] Alice gets the right fork
[3]/[10] Alice gets the left fork
[2]/[9] Esan becomes hungry
[2]/[10] Esan is thinking
[5]/[7] David becomes hungry
[5]/[8] David is thinking
[4]/[10] Alice finishes 3th dinner
[4]/[11] Alice is thinking
[4]/[11] Alice becomes hungry
[4]/[11] Alice gets the right fork
[4]/[11] Alice gets the left fork
[5]/[8] David becomes hungry
[5]/[9] David is thinking
[3]/[13] Bob finishes 2th dinner
[3]/[14] Bob is thinking
[3]/[11] Carol becomes hungry
[3]/[11] Carol gets the right fork
[3]/[12] Carol is thinking
[3]/[14] Bob becomes hungry
[3]/[14] Bob gets the right fork
[3]/[14] Bob gets the left fork
[3]/[12] Carol becomes hungry
[3]/[12] Carol gets the right fork
[3]/[13] Carol is thinking
[2]/[10] Esan becomes hungry
[2]/[11] Esan is thinking
[4]/[14] Bob finishes 3th dinner
[4]/[15] Bob is thinking
[5]/[11] Alice finishes 4th dinner
[5]/[12] Alice is thinking
[5]/[9] David becomes hungry
[5]/[9] David gets the right fork
[5]/[9] David gets the left fork
[6]/[9] David finishes 5th dinner
[6]/[10] David is thinking
[5]/[12] Alice becomes hungry
[5]/[12] Alice gets the right fork
[5]/[12] Alice gets the left fork
[4]/[15] Bob becomes hungry
[4]/[15] Bob gets the right fork
[4]/[15] Bob gets the left fork
[6]/[10] David becomes hungry
[6]/[11] David is thinking
[2]/[11] Esan becomes hungry
[2]/[12] Esan is thinking
[5]/[15] Bob finishes 4th dinner
[5]/[16] Bob is thinking
[6]/[12] Alice finishes 5th dinner
[6]/[13] Alice is thinking
[2]/[12] Esan becomes hungry
[2]/[12] Esan gets the right fork
[2]/[12] Esan gets the left fork
[3]/[13] Carol becomes hungry
[3]/[14] Carol is thinking
[5]/[16] Bob becomes hungry
[5]/[16] Bob gets the right fork
[5]/[17] Bob is thinking
[6]/[11] David becomes hungry
[6]/[11] David gets the right fork
[6]/[11] David gets the left fork
[5]/[17] Bob becomes hungry
[5]/[18] Bob is thinking
[3]/[12] Esan finishes 2th dinner
[3]/[13] Esan is thinking
[6]/[13] Alice becomes hungry
[6]/[13] Alice gets the right fork
[6]/[14] Alice is thinking
[3]/[14] Carol becomes hungry
[3]/[14] Carol gets the right fork
[3]/[14] Carol gets the left fork
[5]/[18] Bob becomes hungry
[5]/[19] Bob is thinking
[5]/[19] Bob becomes hungry
[5]/[20] Bob is thinking
[3]/[13] Esan becomes hungry
[3]/[13] Esan gets the right fork
[3]/[14] Esan is thinking
[4]/[14] Carol finishes 3th dinner
[4]/[15] Carol is thinking
[7]/[11] David finishes 6th dinner
[7]/[12] David is thinking
[3]/[14] Esan becomes hungry
[3]/[14] Esan gets the right fork
[3]/[14] Esan gets the left fork
[5]/[20] Bob becomes hungry
[5]/[20] Bob gets the right fork
[5]/[21] Bob is thinking
[4]/[14] Esan finishes 3th dinner
[4]/[15] Esan is thinking
[6]/[14] Alice becomes hungry
[6]/[14] Alice gets the right fork
[6]/[14] Alice gets the left fork
[7]/[14] Alice finishes 6th dinner
[7]/[15] Alice is thinking
[5]/[21] Bob becomes hungry
[5]/[21] Bob gets the right fork
[5]/[21] Bob gets the left fork
[7]/[12] David becomes hungry
[7]/[12] David gets the right fork
[7]/[13] David is thinking
[6]/[21] Bob finishes 5th dinner
[6]/[22] Bob is thinking
[7]/[15] Alice becomes hungry
[7]/[15] Alice gets the right fork
[7]/[15] Alice gets the left fork
[4]/[15] Carol becomes hungry
[4]/[15] Carol gets the right fork
[4]/[16] Carol is thinking
[4]/[15] Esan becomes hungry
[4]/[15] Esan gets the right fork
[4]/[15] Esan gets the left fork
[4]/[16] Carol becomes hungry
[4]/[17] Carol is thinking
[4]/[17] Carol becomes hungry
[4]/[18] Carol is thinking
[4]/[18] Carol becomes hungry
[4]/[19] Carol is thinking
[6]/[22] Bob becomes hungry
[6]/[22] Bob gets the right fork
[6]/[23] Bob is thinking
[7]/[13] David becomes hungry
[7]/[14] David is thinking
[5]/[15] Esan finishes 4th dinner
[5]/[16] Esan is thinking
[5]/[16] Esan becomes hungry
[5]/[16] Esan gets the right fork
[5]/[16] Esan gets the left fork
[8]/[15] Alice finishes 7th dinner
[8]/[16] Alice is thinking
[4]/[19] Carol becomes hungry
[4]/[20] Carol is thinking
[7]/[14] David becomes hungry
[7]/[14] David gets the right fork
[7]/[14] David gets the left fork
[6]/[23] Bob becomes hungry
[6]/[24] Bob is thinking
[6]/[16] Esan finishes 5th dinner
[6]/[17] Esan is thinking
[4]/[20] Carol becomes hungry
[4]/[20] Carol gets the right fork
[4]/[20] Carol gets the left fork
[8]/[16] Alice becomes hungry
[8]/[17] Alice is thinking
[6]/[24] Bob becomes hungry
[6]/[25] Bob is thinking
[8]/[14] David finishes 7th dinner
[8]/[15] David is thinking
[8]/[17] Alice becomes hungry
[8]/[18] Alice is thinking
[6]/[25] Bob becomes hungry
[6]/[25] Bob gets the right fork
[6]/[25] Bob gets the left fork
[6]/[17] Esan becomes hungry
[6]/[18] Esan is thinking
[8]/[18] Alice becomes hungry
[8]/[19] Alice is thinking
[5]/[20] Carol finishes 4th dinner
[5]/[21] Carol is thinking
[5]/[21] Carol becomes hungry
[5]/[21] Carol gets the right fork
[5]/[21] Carol gets the left fork
[7]/[25] Bob finishes 6th dinner
[7]/[26] Bob is thinking
[6]/[18] Esan becomes hungry
[6]/[18] Esan gets the right fork
[6]/[19] Esan is thinking
[8]/[15] David becomes hungry
[8]/[15] David gets the right fork
[8]/[15] David gets the left fork
[6]/[19] Esan becomes hungry
[6]/[19] Esan gets the right fork
[6]/[20] Esan is thinking
[8]/[19] Alice becomes hungry
[8]/[20] Alice is thinking
[8]/[20] Alice becomes hungry
[8]/[21] Alice is thinking
[6]/[21] Carol finishes 5th dinner
[6]/[22] Carol is thinking
[6]/[20] Esan becomes hungry
[6]/[20] Esan gets the right fork
[6]/[20] Esan gets the left fork
[7]/[26] Bob becomes hungry
[7]/[27] Bob is thinking
[6]/[22] Carol becomes hungry
[6]/[23] Carol is thinking
[9]/[15] David finishes 8th dinner
[9]/[16] David is thinking
[8]/[21] Alice becomes hungry
[8]/[21] Alice gets the right fork
[8]/[21] Alice gets the left fork
[7]/[27] Bob becomes hungry
[7]/[27] Bob gets the right fork
[7]/[28] Bob is thinking
[7]/[20] Esan finishes 6th dinner
[7]/[21] Esan is thinking
[9]/[21] Alice finishes 8th dinner
[9]/[22] Alice is thinking
[9]/[22] Alice becomes hungry
[9]/[22] Alice gets the right fork
[9]/[22] Alice gets the left fork
[6]/[23] Carol becomes hungry
[6]/[23] Carol gets the right fork
[6]/[24] Carol is thinking
[9]/[16] David becomes hungry
[9]/[17] David is thinking
[7]/[21] Esan becomes hungry
[7]/[21] Esan gets the right fork
[7]/[21] Esan gets the left fork
[9]/[17] David becomes hungry
[9]/[18] David is thinking
[9]/[18] David becomes hungry
[9]/[19] David is thinking
[7]/[28] Bob becomes hungry
[7]/[28] Bob gets the right fork
[7]/[29] Bob is thinking
[8]/[21] Esan finishes 7th dinner
[8]/[22] Esan is thinking
[8]/[22] Esan becomes hungry
[8]/[22] Esan gets the right fork
[8]/[22] Esan gets the left fork
[6]/[24] Carol becomes hungry
[6]/[25] Carol is thinking
[9]/[19] David becomes hungry
[9]/[20] David is thinking
[10]/[22] Alice finishes 9th dinner
[10]/[23] Alice is thinking
[9]/[20] David becomes hungry
[9]/[20] David gets the right fork
[9]/[20] David gets the left fork
[6]/[25] Carol becomes hungry
[6]/[26] Carol is thinking
[6]/[26] Carol becomes hungry
[6]/[27] Carol is thinking
[9]/[22] Esan finishes 8th dinner
[9]/[23] Esan is thinking
[7]/[29] Bob becomes hungry
[7]/[30] Bob is thinking
[10]/[20] David finishes 9th dinner
[10]/[21] David is thinking
[10]/[23] Alice becomes hungry
[10]/[23] Alice gets the right fork
[10]/[23] Alice gets the left fork
[10]/[21] David becomes hungry
[10]/[22] David is thinking
[9]/[23] Esan becomes hungry
[9]/[23] Esan gets the right fork
[9]/[23] Esan gets the left fork
[7]/[30] Bob becomes hungry
[7]/[30] Bob gets the right fork
[7]/[31] Bob is thinking
[11]/[23] Alice finishes 10th dinner
[11]/[24] Alice is thinking
[11]/[24] Alice becomes hungry
[11]/[24] Alice gets the right fork
[11]/[24] Alice gets the left fork
[6]/[27] Carol becomes hungry
[6]/[28] Carol is thinking
[12]/[24] Alice finishes 11th dinner
[12]/[25] Alice is thinking
[10]/[22] David becomes hungry
[10]/[22] David gets the right fork
[10]/[22] David gets the left fork
[6]/[28] Carol becomes hungry
[6]/[29] Carol is thinking
[6]/[29] Carol becomes hungry
[6]/[30] Carol is thinking
[10]/[23] Esan finishes 9th dinner
[10]/[24] Esan is thinking
[12]/[25] Alice becomes hungry
[12]/[25] Alice gets the right fork
[12]/[26] Alice is thinking
[12]/[26] Alice becomes hungry
[12]/[26] Alice gets the right fork
[12]/[27] Alice is thinking
[7]/[31] Bob becomes hungry
[7]/[32] Bob is thinking
[6]/[30] Carol becomes hungry
[6]/[30] Carol gets the right fork
[6]/[30] Carol gets the left fork
[7]/[32] Bob becomes hungry
[7]/[33] Bob is thinking
[12]/[27] Alice becomes hungry
[12]/[28] Alice is thinking
[11]/[22] David finishes 10th dinner
[11]/[23] David is thinking
[10]/[24] Esan becomes hungry
[10]/[24] Esan gets the right fork
[10]/[25] Esan is thinking
[7]/[33] Bob becomes hungry
[7]/[33] Bob gets the right fork
[7]/[33] Bob gets the left fork
[8]/[33] Bob finishes 7th dinner
[8]/[34] Bob is thinking
[7]/[30] Carol finishes 6th dinner
[7]/[31] Carol is thinking
[12]/[28] Alice becomes hungry
[12]/[28] Alice gets the right fork
[12]/[28] Alice gets the left fork
[7]/[31] Carol becomes hungry
[7]/[31] Carol gets the right fork
[7]/[32] Carol is thinking
[8]/[34] Bob becomes hungry
[8]/[34] Bob gets the right fork
[8]/[34] Bob gets the left fork
[7]/[32] Carol becomes hungry
[7]/[32] Carol gets the right fork
[7]/[33] Carol is thinking
[11]/[23] David becomes hungry
[11]/[24] David is thinking
[7]/[33] Carol becomes hungry
[7]/[33] Carol gets the right fork
[7]/[34] Carol is thinking
[10]/[25] Esan becomes hungry
[10]/[26] Esan is thinking
[11]/[24] David becomes hungry
[11]/[25] David is thinking
[7]/[34] Carol becomes hungry
[7]/[34] Carol gets the right fork
[7]/[35] Carol is thinking
[13]/[28] Alice finishes 12th dinner
[13]/[29] Alice is thinking
[9]/[34] Bob finishes 8th dinner
[9]/[35] Bob is thinking
[13]/[29] Alice becomes hungry
[13]/[29] Alice gets the right fork
[13]/[29] Alice gets the left fork
[9]/[35] Bob becomes hungry
[9]/[35] Bob gets the right fork
[9]/[35] Bob gets the left fork
[10]/[26] Esan becomes hungry
[10]/[27] Esan is thinking
[10]/[27] Esan becomes hungry
[10]/[28] Esan is thinking
[10]/[28] Esan becomes hungry
[10]/[29] Esan is thinking
[11]/[25] David becomes hungry
[11]/[26] David is thinking
[14]/[29] Alice finishes 13th dinner
[14]/[30] Alice is thinking
[10]/[35] Bob finishes 9th dinner
[10]/[36] Bob is thinking
[7]/[35] Carol becomes hungry
[7]/[35] Carol gets the right fork
[7]/[35] Carol gets the left fork
[14]/[30] Alice becomes hungry
[14]/[31] Alice is thinking
[14]/[31] Alice becomes hungry
[14]/[32] Alice is thinking
[11]/[26] David becomes hungry
[11]/[26] David gets the right fork
[11]/[26] David gets the left fork
[12]/[26] David finishes 11th dinner
[12]/[27] David is thinking
[10]/[36] Bob becomes hungry
[10]/[36] Bob gets the right fork
[10]/[36] Bob gets the left fork
[8]/[35] Carol finishes 7th dinner
[8]/[36] Carol is thinking
[14]/[32] Alice becomes hungry
[14]/[32] Alice gets the right fork
[14]/[32] Alice gets the left fork
[10]/[29] Esan becomes hungry
[10]/[30] Esan is thinking
[10]/[30] Esan becomes hungry
[10]/[31] Esan is thinking
[15]/[32] Alice finishes 14th dinner
[15]/[33] Alice is thinking
[8]/[36] Carol becomes hungry
[8]/[36] Carol gets the right fork
[8]/[36] Carol gets the left fork
[11]/[36] Bob finishes 10th dinner
[11]/[37] Bob is thinking
[12]/[27] David becomes hungry
[12]/[27] David gets the right fork
[12]/[27] David gets the left fork
[11]/[37] Bob becomes hungry
[11]/[38] Bob is thinking
[10]/[31] Esan becomes hungry
[10]/[31] Esan gets the right fork
[10]/[32] Esan is thinking
[15]/[33] Alice becomes hungry
[15]/[34] Alice is thinking
[9]/[36] Carol finishes 8th dinner
[9]/[37] Carol is thinking
[15]/[34] Alice becomes hungry
[15]/[34] Alice gets the right fork
[15]/[35] Alice is thinking
[13]/[27] David finishes 12th dinner
[13]/[28] David is thinking
[15]/[35] Alice becomes hungry
[15]/[35] Alice gets the right fork
[15]/[35] Alice gets the left fork
[11]/[38] Bob becomes hungry
[11]/[38] Bob gets the right fork
[11]/[38] Bob gets the left fork
[10]/[32] Esan becomes hungry
[10]/[33] Esan is thinking
[16]/[35] Alice finishes 15th dinner
[16]/[36] Alice is thinking
[9]/[37] Carol becomes hungry
[9]/[37] Carol gets the right fork
[9]/[37] Carol gets the left fork
[13]/[28] David becomes hungry
[13]/[28] David gets the right fork
[13]/[29] David is thinking
[12]/[38] Bob finishes 11th dinner
[12]/[39] Bob is thinking
[10]/[37] Carol finishes 9th dinner
[10]/[38] Carol is thinking
[13]/[29] David becomes hungry
[13]/[29] David gets the right fork
[13]/[29] David gets the left fork
[12]/[39] Bob becomes hungry
[12]/[40] Bob is thinking
[10]/[33] Esan becomes hungry
[10]/[33] Esan gets the right fork
[10]/[33] Esan gets the left fork
[10]/[38] Carol becomes hungry
[10]/[39] Carol is thinking
[16]/[36] Alice becomes hungry
[16]/[36] Alice gets the right fork
[16]/[37] Alice is thinking
[11]/[33] Esan finishes 10th dinner
[11]/[34] Esan is thinking
[14]/[29] David finishes 13th dinner
[14]/[30] David is thinking
[10]/[39] Carol becomes hungry
[10]/[39] Carol gets the right fork
[10]/[39] Carol gets the left fork
[11]/[34] Esan becomes hungry
[11]/[34] Esan gets the right fork
[11]/[35] Esan is thinking
[12]/[40] Bob becomes hungry
[12]/[40] Bob gets the right fork
[12]/[40] Bob gets the left fork
[13]/[40] Bob finishes 12th dinner
[13]/[41] Bob is thinking
[16]/[37] Alice becomes hungry
[16]/[38] Alice is thinking
[14]/[30] David becomes hungry
[14]/[30] David gets the right fork
[14]/[30] David gets the left fork
[11]/[39] Carol finishes 10th dinner
[16]/[38] Alice becomes hungry
[11]/[40] Carol is thinking
[16]/[38] Alice gets the right fork
[16]/[39] Alice is thinking
[11]/[35] Esan becomes hungry
[11]/[35] Esan gets the right fork
[11]/[35] Esan gets the left fork
[13]/[41] Bob becomes hungry
[13]/[42] Bob is thinking
[15]/[30] David finishes 14th dinner
[15]/[31] David is thinking
[16]/[39] Alice becomes hungry
[16]/[39] Alice gets the right fork
[16]/[39] Alice gets the left fork
[11]/[40] Carol becomes hungry
[11]/[41] Carol is thinking
[17]/[39] Alice finishes 16th dinner
[17]/[40] Alice is thinking
[12]/[35] Esan finishes 11th dinner
[12]/[36] Esan is thinking
[13]/[42] Bob becomes hungry
[13]/[42] Bob gets the right fork
[13]/[42] Bob gets the left fork
[17]/[40] Alice becomes hungry
[17]/[40] Alice gets the right fork
[17]/[40] Alice gets the left fork
[11]/[41] Carol becomes hungry
[11]/[41] Carol gets the right fork
[11]/[42] Carol is thinking
[14]/[42] Bob finishes 13th dinner
[14]/[43] Bob is thinking
[15]/[31] David becomes hungry
[15]/[32] David is thinking
[18]/[40] Alice finishes 17th dinner
[18]/[41] Alice is thinking
[12]/[36] Esan becomes hungry
[12]/[36] Esan gets the right fork
[12]/[36] Esan gets the left fork
[11]/[42] Carol becomes hungry
[11]/[43] Carol is thinking
[14]/[43] Bob becomes hungry
[14]/[43] Bob gets the right fork
[14]/[44] Bob is thinking
[15]/[32] David becomes hungry
[15]/[32] David gets the right fork
[15]/[32] David gets the left fork
[11]/[43] Carol becomes hungry
[11]/[44] Carol is thinking
[16]/[32] David finishes 15th dinner
[16]/[33] David is thinking
[14]/[44] Bob becomes hungry
[14]/[44] Bob gets the right fork
[14]/[45] Bob is thinking
[18]/[41] Alice becomes hungry
[18]/[41] Alice gets the right fork
[18]/[41] Alice gets the left fork
[11]/[44] Carol becomes hungry
[11]/[45] Carol is thinking
[11]/[45] Carol becomes hungry
[11]/[46] Carol is thinking
[11]/[46] Carol becomes hungry
[11]/[47] Carol is thinking
[11]/[47] Carol becomes hungry
[11]/[48] Carol is thinking
[13]/[36] Esan finishes 12th dinner
[13]/[37] Esan is thinking
[16]/[33] David becomes hungry
[16]/[34] David is thinking
[13]/[37] Esan becomes hungry
[13]/[37] Esan gets the right fork
[13]/[37] Esan gets the left fork
[14]/[37] Esan finishes 13th dinner
[14]/[38] Esan is thinking
[19]/[41] Alice finishes 18th dinner
[19]/[42] Alice is thinking
[14]/[45] Bob becomes hungry
[14]/[45] Bob gets the right fork
[14]/[45] Bob gets the left fork
[11]/[48] Carol becomes hungry
[11]/[48] Carol gets the right fork
[11]/[48] Carol gets the left fork
[15]/[45] Bob finishes 14th dinner
[15]/[46] Bob is thinking
[14]/[38] Esan becomes hungry
[14]/[38] Esan gets the right fork
[14]/[39] Esan is thinking
[16]/[34] David becomes hungry
[16]/[34] David gets the right fork
[16]/[34] David gets the left fork
[19]/[42] Alice becomes hungry
[19]/[43] Alice is thinking
[15]/[46] Bob becomes hungry
[15]/[47] Bob is thinking
[15]/[47] Bob becomes hungry
[15]/[48] Bob is thinking
[17]/[34] David finishes 16th dinner
[17]/[35] David is thinking
[12]/[48] Carol finishes 11th dinner
[12]/[49] Carol is thinking
[14]/[39] Esan becomes hungry
[14]/[39] Esan gets the right fork
[14]/[39] Esan gets the left fork
[12]/[49] Carol becomes hungry
[12]/[50] Carol is thinking
[19]/[43] Alice becomes hungry
[19]/[43] Alice gets the right fork
[19]/[43] Alice gets the left fork
[15]/[48] Bob becomes hungry
[15]/[48] Bob gets the right fork
[15]/[49] Bob is thinking
[17]/[35] David becomes hungry
[17]/[36] David is thinking
[12]/[50] Carol becomes hungry
[12]/[51] Carol is thinking
[15]/[49] Bob becomes hungry
[15]/[49] Bob gets the right fork
[15]/[50] Bob is thinking
[20]/[43] Alice finishes 19th dinner
[20]/[44] Alice is thinking
[15]/[39] Esan finishes 14th dinner
[15]/[40] Esan is thinking
[17]/[36] David becomes hungry
[17]/[36] David gets the right fork
[17]/[36] David gets the left fork
[20]/[44] Alice becomes hungry
[20]/[44] Alice gets the right fork
[20]/[45] Alice is thinking
[12]/[51] Carol becomes hungry
[12]/[51] Carol gets the right fork
[12]/[51] Carol gets the left fork
[15]/[40] Esan becomes hungry
[15]/[40] Esan gets the right fork
[15]/[41] Esan is thinking
[20]/[45] Alice becomes hungry
[20]/[46] Alice is thinking
[18]/[36] David finishes 17th dinner
[18]/[37] David is thinking
[15]/[50] Bob becomes hungry
[15]/[50] Bob gets the right fork
[15]/[50] Bob gets the left fork
[15]/[41] Esan becomes hungry
[15]/[42] Esan is thinking
[15]/[42] Esan becomes hungry
[15]/[43] Esan is thinking
[16]/[50] Bob finishes 15th dinner
[16]/[51] Bob is thinking
[15]/[43] Esan becomes hungry
[15]/[43] Esan gets the right fork
[15]/[44] Esan is thinking
[15]/[44] Esan becomes hungry
[15]/[44] Esan gets the right fork
[15]/[45] Esan is thinking
[13]/[51] Carol finishes 12th dinner
[13]/[52] Carol is thinking
[16]/[51] Bob becomes hungry
[16]/[51] Bob gets the right fork
[16]/[51] Bob gets the left fork
[20]/[46] Alice becomes hungry
[20]/[46] Alice gets the right fork
[20]/[46] Alice gets the left fork
[13]/[52] Carol becomes hungry
[13]/[52] Carol gets the right fork
[13]/[53] Carol is thinking
[18]/[37] David becomes hungry
[18]/[38] David is thinking
[17]/[51] Bob finishes 16th dinner
[17]/[52] Bob is thinking
[15]/[45] Esan becomes hungry
[15]/[45] Esan gets the right fork
[15]/[45] Esan gets the left fork
[13]/[53] Carol becomes hungry
[13]/[54] Carol is thinking
[17]/[52] Bob becomes hungry
[17]/[52] Bob gets the right fork
[17]/[53] Bob is thinking
[18]/[38] David becomes hungry
[18]/[39] David is thinking
[17]/[53] Bob becomes hungry
[17]/[53] Bob gets the right fork
[17]/[54] Bob is thinking
[21]/[46] Alice finishes 20th dinner
[21]/[47] Alice is thinking
[16]/[45] Esan finishes 15th dinner
[16]/[46] Esan is thinking
[13]/[54] Carol becomes hungry
[13]/[54] Carol gets the right fork
[13]/[54] Carol gets the left fork
[17]/[54] Bob becomes hungry
[17]/[54] Bob gets the right fork
[17]/[54] Bob gets the left fork
[16]/[46] Esan becomes hungry
[16]/[47] Esan is thinking
[18]/[54] Bob finishes 17th dinner
[18]/[55] Bob is thinking
[18]/[55] Bob becomes hungry
[18]/[55] Bob gets the right fork
[18]/[55] Bob gets the left fork
[18]/[39] David becomes hungry
[18]/[39] David gets the right fork
[18]/[40] David is thinking
[16]/[47] Esan becomes hungry
[16]/[48] Esan is thinking
[16]/[48] Esan becomes hungry
[16]/[49] Esan is thinking
[21]/[47] Alice becomes hungry
[21]/[48] Alice is thinking
[14]/[54] Carol finishes 13th dinner
[14]/[55] Carol is thinking
[18]/[40] David becomes hungry
[18]/[40] David gets the right fork
[18]/[41] David is thinking
[21]/[48] Alice becomes hungry
[21]/[48] Alice gets the right fork
[21]/[48] Alice gets the left fork
[16]/[49] Esan becomes hungry
[16]/[50] Esan is thinking
[19]/[55] Bob finishes 18th dinner
[19]/[56] Bob is thinking
[18]/[41] David becomes hungry
[18]/[42] David is thinking
[16]/[50] Esan becomes hungry
[16]/[50] Esan gets the right fork
[16]/[50] Esan gets the left fork
[17]/[50] Esan finishes 16th dinner
[17]/[51] Esan is thinking
[14]/[55] Carol becomes hungry
[14]/[55] Carol gets the right fork
[14]/[56] Carol is thinking
[22]/[48] Alice finishes 21th dinner
[22]/[49] Alice is thinking
[22]/[49] Alice becomes hungry
[22]/[49] Alice gets the right fork
[22]/[49] Alice gets the left fork
[23]/[49] Alice finishes 22th dinner
[23]/[50] Alice is thinking
[14]/[56] Carol becomes hungry
[14]/[56] Carol gets the right fork
[14]/[56] Carol gets the left fork
[19]/[56] Bob becomes hungry
[19]/[56] Bob gets the right fork
[19]/[56] Bob gets the left fork
[20]/[56] Bob finishes 19th dinner
[20]/[57] Bob is thinking
[18]/[42] David becomes hungry
[18]/[42] David gets the right fork
[18]/[42] David gets the left fork
[20]/[57] Bob becomes hungry
[20]/[58] Bob is thinking
[17]/[51] Esan becomes hungry
[17]/[51] Esan gets the right fork
[17]/[52] Esan is thinking
[17]/[52] Esan becomes hungry
[17]/[52] Esan gets the right fork
[17]/[53] Esan is thinking
[20]/[58] Bob becomes hungry
[20]/[59] Bob is thinking
[15]/[56] Carol finishes 14th dinner
[15]/[57] Carol is thinking
[23]/[50] Alice becomes hungry
[23]/[50] Alice gets the right fork
[23]/[51] Alice is thinking
[19]/[42] David finishes 18th dinner
[19]/[43] David is thinking
[17]/[53] Esan becomes hungry
[17]/[53] Esan gets the right fork
[17]/[53] Esan gets the left fork
[20]/[59] Bob becomes hungry
[20]/[59] Bob gets the right fork
[20]/[60] Bob is thinking
[15]/[57] Carol becomes hungry
[15]/[58] Carol is thinking
[23]/[51] Alice becomes hungry
[23]/[51] Alice gets the right fork
[23]/[51] Alice gets the left fork
[24]/[51] Alice finishes 23th dinner
[24]/[52] Alice is thinking
[20]/[60] Bob becomes hungry
[20]/[60] Bob gets the right fork
[20]/[61] Bob is thinking
[18]/[53] Esan finishes 17th dinner
[18]/[54] Esan is thinking
[15]/[58] Carol becomes hungry
[15]/[58] Carol gets the right fork
[15]/[58] Carol gets the left fork
[19]/[43] David becomes hungry
[19]/[43] David gets the right fork
[19]/[43] David gets the left fork
[24]/[52] Alice becomes hungry
[24]/[53] Alice is thinking
[20]/[61] Bob becomes hungry
[20]/[62] Bob is thinking
[16]/[58] Carol finishes 15th dinner
[16]/[59] Carol is thinking
[20]/[43] David finishes 19th dinner
[20]/[44] David is thinking
[20]/[62] Bob becomes hungry
[20]/[62] Bob gets the right fork
[20]/[62] Bob gets the left fork
[24]/[53] Alice becomes hungry
[24]/[53] Alice gets the right fork
[24]/[53] Alice gets the left fork
[18]/[54] Esan becomes hungry
[18]/[55] Esan is thinking
[16]/[59] Carol becomes hungry
[16]/[59] Carol gets the right fork
[16]/[60] Carol is thinking
[21]/[62] Bob finishes 20th dinner
[21]/[63] Bob is thinking
[20]/[44] David becomes hungry
[20]/[45] David is thinking
[20]/[45] David becomes hungry
[20]/[46] David is thinking
[21]/[63] Bob becomes hungry
[21]/[63] Bob gets the right fork
[21]/[63] Bob gets the left fork
[25]/[53] Alice finishes 24th dinner
[25]/[54] Alice is thinking
[22]/[63] Bob finishes 21th dinner
[22]/[64] Bob is thinking
[16]/[60] Carol becomes hungry
[16]/[60] Carol gets the right fork
[16]/[60] Carol gets the left fork
[18]/[55] Esan becomes hungry
[18]/[55] Esan gets the right fork
[18]/[56] Esan is thinking
[22]/[64] Bob becomes hungry
[22]/[64] Bob gets the right fork
[22]/[64] Bob gets the left fork
[25]/[54] Alice becomes hungry
[25]/[55] Alice is thinking
[17]/[60] Carol finishes 16th dinner
[17]/[61] Carol is thinking
[18]/[56] Esan becomes hungry
[18]/[57] Esan is thinking
[25]/[55] Alice becomes hungry
[25]/[55] Alice gets the right fork
[25]/[55] Alice gets the left fork
[20]/[46] David becomes hungry
[20]/[47] David is thinking
[23]/[64] Bob finishes 22th dinner
[23]/[65] Bob is thinking
[26]/[55] Alice finishes 25th dinner
[26]/[56] Alice is thinking
[20]/[47] David becomes hungry
[20]/[47] David gets the right fork
[20]/[47] David gets the left fork
[23]/[65] Bob becomes hungry
[23]/[66] Bob is thinking
[26]/[56] Alice becomes hungry
[26]/[56] Alice gets the right fork
[26]/[57] Alice is thinking
[17]/[61] Carol becomes hungry
[17]/[61] Carol gets the right fork
[17]/[61] Carol gets the left fork
[23]/[66] Bob becomes hungry
[23]/[67] Bob is thinking
[18]/[57] Esan becomes hungry
[18]/[57] Esan gets the right fork
[18]/[58] Esan is thinking
[26]/[57] Alice becomes hungry
[26]/[58] Alice is thinking
[18]/[61] Carol finishes 17th dinner
[18]/[62] Carol is thinking
[21]/[47] David finishes 20th dinner
[21]/[48] David is thinking
[18]/[58] Esan becomes hungry
[18]/[58] Esan gets the right fork
[18]/[58] Esan gets the left fork
[23]/[67] Bob becomes hungry
[23]/[67] Bob gets the right fork
[23]/[68] Bob is thinking
[23]/[68] Bob becomes hungry
[23]/[68] Bob gets the right fork
[23]/[69] Bob is thinking
[19]/[58] Esan finishes 18th dinner
[19]/[59] Esan is thinking
[23]/[69] Bob becomes hungry
[23]/[69] Bob gets the right fork
[23]/[69] Bob gets the left fork
[18]/[62] Carol becomes hungry
[18]/[62] Carol gets the right fork
[18]/[62] Carol gets the left fork
[26]/[58] Alice becomes hungry
[26]/[59] Alice is thinking
[19]/[62] Carol finishes 18th dinner
[19]/[63] Carol is thinking
[24]/[69] Bob finishes 23th dinner
[24]/[70] Bob is thinking
[19]/[59] Esan becomes hungry
[19]/[59] Esan gets the right fork
[19]/[59] Esan gets the left fork
[21]/[48] David becomes hungry
[21]/[48] David gets the right fork
[21]/[48] David gets the left fork
[19]/[63] Carol becomes hungry
[19]/[64] Carol is thinking
[24]/[70] Bob becomes hungry
[24]/[71] Bob is thinking
[20]/[59] Esan finishes 19th dinner
[20]/[60] Esan is thinking
[22]/[48] David finishes 21th dinner
[22]/[49] David is thinking
[26]/[59] Alice becomes hungry
[26]/[59] Alice gets the right fork
[26]/[59] Alice gets the left fork
[27]/[59] Alice finishes 26th dinner
[27]/[60] Alice is thinking
[19]/[64] Carol becomes hungry
[19]/[64] Carol gets the right fork
[19]/[64] Carol gets the left fork
[27]/[60] Alice becomes hungry
[27]/[61] Alice is thinking
[27]/[61] Alice becomes hungry
[27]/[62] Alice is thinking
[20]/[64] Carol finishes 19th dinner
[20]/[65] Carol is thinking
[27]/[62] Alice becomes hungry
[27]/[62] Alice gets the right fork
[27]/[62] Alice gets the left fork
[24]/[71] Bob becomes hungry
[24]/[71] Bob gets the right fork
[24]/[71] Bob gets the left fork
[25]/[71] Bob finishes 24th dinner
[25]/[72] Bob is thinking
[22]/[49] David becomes hungry
[22]/[50] David is thinking
[20]/[60] Esan becomes hungry
[20]/[60] Esan gets the right fork
[20]/[60] Esan gets the left fork
[21]/[60] Esan finishes 20th dinner
[21]/[61] Esan is thinking
[21]/[61] Esan becomes hungry
[21]/[61] Esan gets the right fork
[21]/[61] Esan gets the left fork
[20]/[65] Carol becomes hungry
[20]/[66] Carol is thinking
[22]/[50] David becomes hungry
[22]/[51] David is thinking
[28]/[62] Alice finishes 27th dinner
[28]/[63] Alice is thinking
[25]/[72] Bob becomes hungry
[25]/[72] Bob gets the right fork
[25]/[73] Bob is thinking
[22]/[61] Esan finishes 21th dinner
[22]/[62] Esan is thinking
[22]/[62] Esan becomes hungry
[22]/[62] Esan gets the right fork
[22]/[62] Esan gets the left fork
[22]/[51] David becomes hungry
[22]/[51] David gets the right fork
[22]/[51] David gets the left fork
[20]/[66] Carol becomes hungry
[20]/[67] Carol is thinking
[23]/[62] Esan finishes 22th dinner
[23]/[63] Esan is thinking
[20]/[67] Carol becomes hungry
[20]/[67] Carol gets the right fork
[20]/[67] Carol gets the left fork
[28]/[63] Alice becomes hungry
[28]/[64] Alice is thinking
[25]/[73] Bob becomes hungry
[25]/[74] Bob is thinking
[23]/[51] David finishes 22th dinner
[23]/[52] David is thinking
[25]/[74] Bob becomes hungry
[25]/[74] Bob gets the right fork
[25]/[74] Bob gets the left fork
[28]/[64] Alice becomes hungry
[28]/[65] Alice is thinking
[23]/[63] Esan becomes hungry
[23]/[64] Esan is thinking
[23]/[52] David becomes hungry
[23]/[52] David gets the right fork
[23]/[53] David is thinking
[21]/[67] Carol finishes 20th dinner
[21]/[68] Carol is thinking
[21]/[68] Carol becomes hungry
[21]/[68] Carol gets the right fork
[21]/[68] Carol gets the left fork
[23]/[53] David becomes hungry
[23]/[53] David gets the right fork
[23]/[54] David is thinking
[28]/[65] Alice becomes hungry
[28]/[66] Alice is thinking
[23]/[64] Esan becomes hungry
[23]/[65] Esan is thinking
[26]/[74] Bob finishes 25th dinner
[26]/[75] Bob is thinking
[28]/[66] Alice becomes hungry
[28]/[67] Alice is thinking
[23]/[54] David becomes hungry
[23]/[54] David gets the right fork
[23]/[54] David gets the left fork
[22]/[68] Carol finishes 21th dinner
[22]/[69] Carol is thinking
[22]/[69] Carol becomes hungry
[22]/[69] Carol gets the right fork
[22]/[69] Carol gets the left fork
[23]/[65] Esan becomes hungry
[23]/[65] Esan gets the right fork
[23]/[66] Esan is thinking
[26]/[75] Bob becomes hungry
[26]/[76] Bob is thinking
[24]/[54] David finishes 23th dinner
[24]/[55] David is thinking
[26]/[76] Bob becomes hungry
[26]/[76] Bob gets the right fork
[26]/[76] Bob gets the left fork
[23]/[69] Carol finishes 22th dinner
[23]/[70] Carol is thinking
[24]/[55] David becomes hungry
[24]/[55] David gets the right fork
[24]/[56] David is thinking
[28]/[67] Alice becomes hungry
[28]/[67] Alice gets the right fork
[28]/[67] Alice gets the left fork
[23]/[70] Carol becomes hungry
[23]/[70] Carol gets the right fork
[23]/[71] Carol is thinking
[27]/[76] Bob finishes 26th dinner
[27]/[77] Bob is thinking
[23]/[66] Esan becomes hungry
[23]/[66] Esan gets the right fork
[23]/[66] Esan gets the left fork
[27]/[77] Bob becomes hungry
[27]/[77] Bob gets the right fork
[27]/[78] Bob is thinking
[24]/[56] David becomes hungry
[24]/[57] David is thinking
[29]/[67] Alice finishes 28th dinner
[29]/[68] Alice is thinking
[29]/[68] Alice becomes hungry
[29]/[68] Alice gets the right fork
[29]/[68] Alice gets the left fork
[24]/[57] David becomes hungry
[24]/[58] David is thinking
[27]/[78] Bob becomes hungry
[27]/[78] Bob gets the right fork
[27]/[79] Bob is thinking
[24]/[66] Esan finishes 23th dinner
[24]/[67] Esan is thinking
[23]/[71] Carol becomes hungry
[23]/[71] Carol gets the right fork
[23]/[72] Carol is thinking
[30]/[68] Alice finishes 29th dinner
[30]/[69] Alice is thinking
[30]/[69] Alice becomes hungry
[30]/[69] Alice gets the right fork
[30]/[69] Alice gets the left fork
[23]/[72] Carol becomes hungry
[23]/[72] Carol gets the right fork
[23]/[73] Carol is thinking
[31]/[69] Alice finishes 30th dinner
[31]/[70] Alice is thinking
[27]/[79] Bob becomes hungry
[27]/[79] Bob gets the right fork
[27]/[79] Bob gets the left fork
[24]/[67] Esan becomes hungry
[24]/[68] Esan is thinking
[24]/[58] David becomes hungry
[24]/[58] David gets the right fork
[24]/[59] David is thinking
[24]/[59] David becomes hungry
[24]/[59] David gets the right fork
[24]/[60] David is thinking
[24]/[60] David becomes hungry
[24]/[60] David gets the right fork
[24]/[61] David is thinking
[28]/[79] Bob finishes 27th dinner
[28]/[80] Bob is thinking
[31]/[70] Alice becomes hungry
[31]/[70] Alice gets the right fork
[31]/[70] Alice gets the left fork
[23]/[73] Carol becomes hungry
[23]/[73] Carol gets the right fork
[23]/[74] Carol is thinking
[24]/[61] David becomes hungry
[24]/[62] David is thinking
[24]/[68] Esan becomes hungry
[24]/[68] Esan gets the right fork
[24]/[68] Esan gets the left fork
[23]/[74] Carol becomes hungry
[23]/[75] Carol is thinking
[23]/[75] Carol becomes hungry
[23]/[76] Carol is thinking
[32]/[70] Alice finishes 31th dinner
[32]/[71] Alice is thinking
[25]/[68] Esan finishes 24th dinner
[25]/[69] Esan is thinking
[24]/[62] David becomes hungry
[24]/[62] David gets the right fork
[24]/[62] David gets the left fork
[28]/[80] Bob becomes hungry
[28]/[81] Bob is thinking
[32]/[71] Alice becomes hungry
[32]/[71] Alice gets the right fork
[32]/[72] Alice is thinking
[25]/[62] David finishes 24th dinner
[25]/[63] David is thinking
[25]/[69] Esan becomes hungry
[25]/[69] Esan gets the right fork
[25]/[69] Esan gets the left fork
[23]/[76] Carol becomes hungry
[23]/[77] Carol is thinking
[32]/[72] Alice becomes hungry
[32]/[72] Alice gets the right fork
[32]/[72] Alice gets the left fork
[25]/[63] David becomes hungry
[25]/[64] David is thinking
[28]/[81] Bob becomes hungry
[28]/[81] Bob gets the right fork
[28]/[82] Bob is thinking
[23]/[77] Carol becomes hungry
[23]/[78] Carol is thinking
[26]/[69] Esan finishes 25th dinner
[26]/[70] Esan is thinking
[28]/[82] Bob becomes hungry
[28]/[82] Bob gets the right fork
[28]/[82] Bob gets the left fork
[23]/[78] Carol becomes hungry
[23]/[78] Carol gets the right fork
[23]/[79] Carol is thinking
[23]/[79] Carol becomes hungry
[23]/[79] Carol gets the right fork
[23]/[80] Carol is thinking
[33]/[72] Alice finishes 32th dinner
[33]/[73] Alice is thinking
[26]/[70] Esan becomes hungry
[26]/[71] Esan is thinking
[25]/[64] David becomes hungry
[25]/[64] David gets the right fork
[25]/[65] David is thinking
[33]/[73] Alice becomes hungry
[33]/[73] Alice gets the right fork
[33]/[73] Alice gets the left fork
[29]/[82] Bob finishes 28th dinner
[29]/[83] Bob is thinking
[25]/[65] David becomes hungry
[25]/[66] David is thinking
[23]/[80] Carol becomes hungry
[23]/[80] Carol gets the right fork
[23]/[81] Carol is thinking
[25]/[66] David becomes hungry
[25]/[67] David is thinking
[29]/[83] Bob becomes hungry
[29]/[83] Bob gets the right fork
[29]/[83] Bob gets the left fork
[30]/[83] Bob finishes 29th dinner
[30]/[84] Bob is thinking
[26]/[71] Esan becomes hungry
[26]/[71] Esan gets the right fork
[26]/[71] Esan gets the left fork
[34]/[73] Alice finishes 33th dinner
[34]/[74] Alice is thinking
[27]/[71] Esan finishes 26th dinner
[27]/[72] Esan is thinking
[23]/[81] Carol becomes hungry
[23]/[81] Carol gets the right fork
[23]/[81] Carol gets the left fork
[25]/[67] David becomes hungry
[25]/[67] David gets the right fork
[25]/[67] David gets the left fork
[34]/[74] Alice becomes hungry
[34]/[75] Alice is thinking
[24]/[81] Carol finishes 23th dinner
[24]/[82] Carol is thinking
[26]/[67] David finishes 25th dinner
[26]/[68] David is thinking
[30]/[84] Bob becomes hungry
[30]/[84] Bob gets the right fork
[30]/[84] Bob gets the left fork
[27]/[72] Esan becomes hungry
[27]/[73] Esan is thinking
[24]/[82] Carol becomes hungry
[24]/[82] Carol gets the right fork
[24]/[82] Carol gets the left fork
[34]/[75] Alice becomes hungry
[34]/[76] Alice is thinking
[31]/[84] Bob finishes 30th dinner
[31]/[85] Bob is thinking
[34]/[76] Alice becomes hungry
[34]/[77] Alice is thinking
[25]/[82] Carol finishes 24th dinner
[25]/[83] Carol is thinking
[27]/[73] Esan becomes hungry
[27]/[73] Esan gets the right fork
[27]/[73] Esan gets the left fork
[26]/[68] David becomes hungry
[26]/[68] David gets the right fork
[26]/[68] David gets the left fork
[25]/[83] Carol becomes hungry
[25]/[84] Carol is thinking
[25]/[84] Carol becomes hungry
[25]/[85] Carol is thinking
[28]/[73] Esan finishes 27th dinner
[28]/[74] Esan is thinking
[31]/[85] Bob becomes hungry
[31]/[86] Bob is thinking
[27]/[68] David finishes 26th dinner
[27]/[69] David is thinking
[34]/[77] Alice becomes hungry
[34]/[77] Alice gets the right fork
[34]/[77] Alice gets the left fork
[28]/[74] Esan becomes hungry
[28]/[74] Esan gets the right fork
[28]/[74] Esan gets the left fork
[25]/[85] Carol becomes hungry
[25]/[86] Carol is thinking
[27]/[69] David becomes hungry
[27]/[70] David is thinking
[31]/[86] Bob becomes hungry
[31]/[86] Bob gets the right fork
[31]/[87] Bob is thinking
[35]/[77] Alice finishes 34th dinner
[35]/[78] Alice is thinking
[31]/[87] Bob becomes hungry
[31]/[87] Bob gets the right fork
[31]/[88] Bob is thinking
[35]/[78] Alice becomes hungry
[35]/[78] Alice gets the right fork
[35]/[78] Alice gets the left fork
[27]/[70] David becomes hungry
[27]/[71] David is thinking
[25]/[86] Carol becomes hungry
[25]/[87] Carol is thinking
[36]/[78] Alice finishes 35th dinner
[36]/[79] Alice is thinking
[29]/[74] Esan finishes 28th dinner
[29]/[75] Esan is thinking
[27]/[71] David becomes hungry
[27]/[71] David gets the right fork
[27]/[71] David gets the left fork
[36]/[79] Alice becomes hungry
[36]/[79] Alice gets the right fork
[36]/[80] Alice is thinking
[31]/[88] Bob becomes hungry
[31]/[89] Bob is thinking
[29]/[75] Esan becomes hungry
[29]/[75] Esan gets the right fork
[29]/[75] Esan gets the left fork
[25]/[87] Carol becomes hungry
[25]/[88] Carol is thinking
[28]/[71] David finishes 27th dinner
[28]/[72] David is thinking
[31]/[89] Bob becomes hungry
[31]/[89] Bob gets the right fork
[31]/[90] Bob is thinking
[36]/[80] Alice becomes hungry
[36]/[80] Alice gets the right fork
[36]/[80] Alice gets the left fork
[31]/[90] Bob becomes hungry
[31]/[90] Bob gets the right fork
[31]/[91] Bob is thinking
[28]/[72] David becomes hungry
[28]/[73] David is thinking
[25]/[88] Carol becomes hungry
[25]/[89] Carol is thinking
[30]/[75] Esan finishes 29th dinner
[30]/[76] Esan is thinking
[37]/[80] Alice finishes 36th dinner
[37]/[81] Alice is thinking
[25]/[89] Carol becomes hungry
[25]/[89] Carol gets the right fork
[25]/[89] Carol gets the left fork
[30]/[76] Esan becomes hungry
[30]/[76] Esan gets the right fork
[30]/[77] Esan is thinking
[31]/[91] Bob becomes hungry
[31]/[91] Bob gets the right fork
[31]/[91] Bob gets the left fork
[26]/[89] Carol finishes 25th dinner
[26]/[90] Carol is thinking
[30]/[77] Esan becomes hungry
[30]/[78] Esan is thinking
[37]/[81] Alice becomes hungry
[37]/[81] Alice gets the right fork
[37]/[81] Alice gets the left fork
[30]/[78] Esan becomes hungry
[30]/[79] Esan is thinking
[28]/[73] David becomes hungry
[28]/[74] David is thinking
[30]/[79] Esan becomes hungry
[30]/[80] Esan is thinking
[26]/[90] Carol becomes hungry
[26]/[90] Carol gets the right fork
[26]/[91] Carol is thinking
[38]/[81] Alice finishes 37th dinner
[38]/[82] Alice is thinking
[32]/[91] Bob finishes 31th dinner
[32]/[92] Bob is thinking
[28]/[74] David becomes hungry
[28]/[74] David gets the right fork
[28]/[74] David gets the left fork
[32]/[92] Bob becomes hungry
[32]/[93] Bob is thinking
[30]/[80] Esan becomes hungry
[30]/[80] Esan gets the right fork
[30]/[80] Esan gets the left fork
[38]/[82] Alice becomes hungry
[38]/[82] Alice gets the right fork
[38]/[83] Alice is thinking
[29]/[74] David finishes 28th dinner
[29]/[75] David is thinking
[26]/[91] Carol becomes hungry
[26]/[92] Carol is thinking
[32]/[93] Bob becomes hungry
[32]/[93] Bob gets the right fork
[32]/[94] Bob is thinking
[31]/[80] Esan finishes 30th dinner
[31]/[81] Esan is thinking
[38]/[83] Alice becomes hungry
[38]/[83] Alice gets the right fork
[38]/[83] Alice gets the left fork
[39]/[83] Alice finishes 38th dinner
[39]/[84] Alice is thinking
[29]/[75] David becomes hungry
[29]/[75] David gets the right fork
[29]/[75] David gets the left fork
[32]/[94] Bob becomes hungry
[32]/[95] Bob is thinking
[26]/[92] Carol becomes hungry
[26]/[92] Carol gets the right fork
[26]/[92] Carol gets the left fork
[32]/[95] Bob becomes hungry
[32]/[96] Bob is thinking
[27]/[92] Carol finishes 26th dinner
[27]/[93] Carol is thinking
[39]/[84] Alice becomes hungry
[39]/[84] Alice gets the right fork
[39]/[85] Alice is thinking
[30]/[75] David finishes 29th dinner
[30]/[76] David is thinking
[31]/[81] Esan becomes hungry
[31]/[81] Esan gets the right fork
[31]/[81] Esan gets the left fork
[39]/[85] Alice becomes hungry
[39]/[85] Alice gets the right fork
[39]/[85] Alice gets the left fork
[32]/[96] Bob becomes hungry
[32]/[96] Bob gets the right fork
[32]/[97] Bob is thinking
[27]/[93] Carol becomes hungry
[27]/[94] Carol is thinking
[32]/[81] Esan finishes 31th dinner
[32]/[82] Esan is thinking
[27]/[94] Carol becomes hungry
[27]/[94] Carol gets the right fork
[27]/[95] Carol is thinking
[27]/[95] Carol becomes hungry
[27]/[95] Carol gets the right fork
[27]/[96] Carol is thinking
[32]/[97] Bob becomes hungry
[32]/[97] Bob gets the right fork
[32]/[97] Bob gets the left fork
[32]/[82] Esan becomes hungry
[32]/[83] Esan is thinking
[27]/[96] Carol becomes hungry
[27]/[96] Carol gets the right fork
[27]/[97] Carol is thinking
[30]/[76] David becomes hungry
[30]/[77] David is thinking
[40]/[85] Alice finishes 39th dinner
[40]/[86] Alice is thinking
[40]/[86] Alice becomes hungry
[40]/[86] Alice gets the right fork
[40]/[86] Alice gets the left fork
[30]/[77] David becomes hungry
[30]/[78] David is thinking
[41]/[86] Alice finishes 40th dinner
[41]/[87] Alice is thinking
[33]/[97] Bob finishes 32th dinner
[33]/[98] Bob is thinking
[32]/[83] Esan becomes hungry
[32]/[83] Esan gets the right fork
[32]/[83] Esan gets the left fork
[27]/[97] Carol becomes hungry
[27]/[98] Carol is thinking
[30]/[78] David becomes hungry
[30]/[78] David gets the right fork
[30]/[78] David gets the left fork
[27]/[98] Carol becomes hungry
[27]/[99] Carol is thinking
[41]/[87] Alice becomes hungry
[41]/[87] Alice gets the right fork
[41]/[88] Alice is thinking
[33]/[98] Bob becomes hungry
[33]/[99] Bob is thinking
[33]/[83] Esan finishes 32th dinner
[33]/[84] Esan is thinking
[33]/[84] Esan becomes hungry
[33]/[84] Esan gets the right fork
[33]/[84] Esan gets the left fork
[27]/[99] Carol becomes hungry
[27]/[100] Carol is thinking
[31]/[78] David finishes 30th dinner
[31]/[79] David is thinking
[41]/[88] Alice becomes hungry
[41]/[88] Alice gets the right fork
[41]/[88] Alice gets the left fork
[27]/[100] Carol becomes hungry
[27]/[101] Carol is thinking
[31]/[79] David becomes hungry
[31]/[80] David is thinking
[33]/[99] Bob becomes hungry
[33]/[99] Bob gets the right fork
[33]/[100] Bob is thinking
[27]/[101] Carol becomes hungry
[27]/[102] Carol is thinking
[27]/[102] Carol becomes hungry
[27]/[103] Carol is thinking
[33]/[100] Bob becomes hungry
[33]/[100] Bob gets the right fork
[33]/[101] Bob is thinking
[31]/[80] David becomes hungry
[31]/[81] David is thinking
[31]/[81] David becomes hungry
[31]/[82] David is thinking
[34]/[84] Esan finishes 33th dinner
[34]/[85] Esan is thinking
[34]/[85] Esan becomes hungry
[34]/[85] Esan gets the right fork
[34]/[85] Esan gets the left fork
[35]/[85] Esan finishes 34th dinner
[35]/[86] Esan is thinking
[42]/[88] Alice finishes 41th dinner
[42]/[89] Alice is thinking
[35]/[86] Esan becomes hungry
[35]/[86] Esan gets the right fork
[35]/[86] Esan gets the left fork
[42]/[89] Alice becomes hungry
[42]/[89] Alice gets the right fork
[42]/[89] Alice gets the left fork
[43]/[89] Alice finishes 42th dinner
[43]/[90] Alice is thinking
[27]/[103] Carol becomes hungry
[27]/[104] Carol is thinking
[33]/[101] Bob becomes hungry
[33]/[101] Bob gets the right fork
[33]/[102] Bob is thinking
[31]/[82] David becomes hungry
[31]/[82] David gets the right fork
[31]/[82] David gets the left fork
[36]/[86] Esan finishes 35th dinner
[36]/[87] Esan is thinking
[27]/[104] Carol becomes hungry
[27]/[104] Carol gets the right fork
[27]/[104] Carol gets the left fork
[43]/[90] Alice becomes hungry
[43]/[91] Alice is thinking
[32]/[82] David finishes 31th dinner
[32]/[83] David is thinking
[36]/[87] Esan becomes hungry
[36]/[87] Esan gets the right fork
[36]/[88] Esan is thinking
[33]/[102] Bob becomes hungry
[33]/[102] Bob gets the right fork
[33]/[102] Bob gets the left fork
[34]/[102] Bob finishes 33th dinner
[34]/[103] Bob is thinking
[28]/[104] Carol finishes 27th dinner
[28]/[105] Carol is thinking
[34]/[103] Bob becomes hungry
[34]/[103] Bob gets the right fork
[34]/[103] Bob gets the left fork
[32]/[83] David becomes hungry
[32]/[83] David gets the right fork
[32]/[84] David is thinking
[43]/[91] Alice becomes hungry
[43]/[91] Alice gets the right fork
[43]/[91] Alice gets the left fork
[36]/[88] Esan becomes hungry
[36]/[89] Esan is thinking
[28]/[105] Carol becomes hungry
[28]/[105] Carol gets the right fork
[28]/[106] Carol is thinking
[36]/[89] Esan becomes hungry
[36]/[90] Esan is thinking
[32]/[84] David becomes hungry
[32]/[85] David is thinking
[44]/[91] Alice finishes 43th dinner
[44]/[92] Alice is thinking
[35]/[103] Bob finishes 34th dinner
[35]/[104] Bob is thinking
[32]/[85] David becomes hungry
[32]/[85] David gets the right fork
[32]/[85] David gets the left fork
[35]/[104] Bob becomes hungry
[35]/[105] Bob is thinking
[36]/[90] Esan becomes hungry
[36]/[90] Esan gets the right fork
[36]/[90] Esan gets the left fork
[28]/[106] Carol becomes hungry
[28]/[107] Carol is thinking
[44]/[92] Alice becomes hungry
[44]/[92] Alice gets the right fork
[44]/[93] Alice is thinking
[37]/[90] Esan finishes 36th dinner
[37]/[91] Esan is thinking
[35]/[105] Bob becomes hungry
[35]/[106] Bob is thinking
[33]/[85] David finishes 32th dinner
[33]/[86] David is thinking
[28]/[107] Carol becomes hungry
[28]/[107] Carol gets the right fork
[28]/[107] Carol gets the left fork
[33]/[86] David becomes hungry
[33]/[86] David gets the right fork
[33]/[86] David gets the left fork
[37]/[91] Esan becomes hungry
[37]/[91] Esan gets the right fork
[37]/[92] Esan is thinking
[37]/[92] Esan becomes hungry
[37]/[92] Esan gets the right fork
[37]/[93] Esan is thinking
[44]/[93] Alice becomes hungry
[44]/[94] Alice is thinking
[37]/[93] Esan becomes hungry
[37]/[93] Esan gets the right fork
[37]/[94] Esan is thinking
[29]/[107] Carol finishes 28th dinner
[29]/[108] Carol is thinking
[37]/[94] Esan becomes hungry
[37]/[94] Esan gets the right fork
[37]/[94] Esan gets the left fork
[29]/[108] Carol becomes hungry
[29]/[109] Carol is thinking
[34]/[86] David finishes 33th dinner
[34]/[87] David is thinking
[35]/[106] Bob becomes hungry
[35]/[106] Bob gets the right fork
[35]/[107] Bob is thinking
[44]/[94] Alice becomes hungry
[44]/[94] Alice gets the right fork
[44]/[94] Alice gets the left fork
[35]/[107] Bob becomes hungry
[35]/[107] Bob gets the right fork
[35]/[108] Bob is thinking
[38]/[94] Esan finishes 37th dinner
[38]/[95] Esan is thinking
[35]/[108] Bob becomes hungry
[35]/[108] Bob gets the right fork
[35]/[108] Bob gets the left fork
[45]/[94] Alice finishes 44th dinner
[45]/[95] Alice is thinking
[34]/[87] David becomes hungry
[34]/[87] David gets the right fork
[34]/[88] David is thinking
[34]/[88] David becomes hungry
[34]/[88] David gets the right fork
[34]/[89] David is thinking
[34]/[89] David becomes hungry
[34]/[89] David gets the right fork
[34]/[90] David is thinking
[29]/[109] Carol becomes hungry
[29]/[109] Carol gets the right fork
[29]/[109] Carol gets the left fork
[36]/[108] Bob finishes 35th dinner
[36]/[109] Bob is thinking
[38]/[95] Esan becomes hungry
[38]/[95] Esan gets the right fork
[38]/[96] Esan is thinking
[36]/[109] Bob becomes hungry
[36]/[109] Bob gets the right fork
[36]/[109] Bob gets the left fork
[45]/[95] Alice becomes hungry
[45]/[96] Alice is thinking
[34]/[90] David becomes hungry
[34]/[90] David gets the right fork
[34]/[91] David is thinking
[38]/[96] Esan becomes hungry
[38]/[97] Esan is thinking
[30]/[109] Carol finishes 29th dinner
[30]/[110] Carol is thinking
[38]/[97] Esan becomes hungry
[38]/[98] Esan is thinking
[37]/[109] Bob finishes 36th dinner
[37]/[110] Bob is thinking
[45]/[96] Alice becomes hungry
[45]/[96] Alice gets the right fork
[45]/[96] Alice gets the left fork
[37]/[110] Bob becomes hungry
[37]/[110] Bob gets the right fork
[37]/[110] Bob gets the left fork
[38]/[110] Bob finishes 37th dinner
[38]/[111] Bob is thinking
[34]/[91] David becomes hungry
[34]/[92] David is thinking
[34]/[92] David becomes hungry
[34]/[93] David is thinking
[46]/[96] Alice finishes 45th dinner
[46]/[97] Alice is thinking
[30]/[110] Carol becomes hungry
[30]/[110] Carol gets the right fork
[30]/[110] Carol gets the left fork
[46]/[97] Alice becomes hungry
[46]/[98] Alice is thinking
[38]/[98] Esan becomes hungry
[38]/[98] Esan gets the right fork
[38]/[99] Esan is thinking
[38]/[111] Bob becomes hungry
[38]/[111] Bob gets the right fork
[38]/[111] Bob gets the left fork
[31]/[110] Carol finishes 30th dinner
[31]/[111] Carol is thinking
[39]/[111] Bob finishes 38th dinner
[39]/[112] Bob is thinking
[34]/[93] David becomes hungry
[34]/[93] David gets the right fork
[34]/[93] David gets the left fork
[38]/[99] Esan becomes hungry
[38]/[99] Esan gets the right fork
[38]/[99] Esan gets the left fork
[46]/[98] Alice becomes hungry
[46]/[98] Alice gets the right fork
[46]/[99] Alice is thinking
[31]/[111] Carol becomes hungry
[31]/[112] Carol is thinking
[35]/[93] David finishes 34th dinner
[35]/[94] David is thinking
[39]/[99] Esan finishes 38th dinner
[39]/[100] Esan is thinking
[39]/[100] Esan becomes hungry
[39]/[100] Esan gets the right fork
[39]/[100] Esan gets the left fork
[39]/[112] Bob becomes hungry
[39]/[112] Bob gets the right fork
[39]/[113] Bob is thinking
[35]/[94] David becomes hungry
[35]/[94] David gets the right fork
[35]/[94] David gets the left fork
[39]/[113] Bob becomes hungry
[39]/[114] Bob is thinking
[46]/[99] Alice becomes hungry
[46]/[99] Alice gets the right fork
[46]/[100] Alice is thinking
[46]/[100] Alice becomes hungry
[46]/[100] Alice gets the right fork
[46]/[101] Alice is thinking
[31]/[112] Carol becomes hungry
[31]/[113] Carol is thinking
[36]/[94] David finishes 35th dinner
[36]/[95] David is thinking
[36]/[95] David becomes hungry
[36]/[95] David gets the right fork
[36]/[95] David gets the left fork
[40]/[100] Esan finishes 39th dinner
[40]/[101] Esan is thinking
[37]/[95] David finishes 36th dinner
[37]/[96] David is thinking
[46]/[101] Alice becomes hungry
[46]/[101] Alice gets the right fork
[46]/[101] Alice gets the left fork
[40]/[101] Esan becomes hungry
[40]/[101] Esan gets the right fork
[40]/[101] Esan gets the left fork
[31]/[113] Carol becomes hungry
[31]/[114] Carol is thinking
[31]/[114] Carol becomes hungry
[31]/[115] Carol is thinking
[39]/[114] Bob becomes hungry
[39]/[114] Bob gets the right fork
[39]/[115] Bob is thinking
[47]/[101] Alice finishes 46th dinner
[47]/[102] Alice is thinking
[37]/[96] David becomes hungry
[37]/[96] David gets the right fork
[37]/[96] David gets the left fork
[47]/[102] Alice becomes hungry
[47]/[102] Alice gets the right fork
[47]/[103] Alice is thinking
[47]/[103] Alice becomes hungry
[47]/[103] Alice gets the right fork
[47]/[104] Alice is thinking
[31]/[115] Carol becomes hungry
[31]/[116] Carol is thinking
[31]/[116] Carol becomes hungry
[31]/[117] Carol is thinking
[39]/[115] Bob becomes hungry
[39]/[116] Bob is thinking
[41]/[101] Esan finishes 40th dinner
[41]/[102] Esan is thinking
[41]/[102] Esan becomes hungry
[41]/[102] Esan gets the right fork
[41]/[102] Esan gets the left fork
[39]/[116] Bob becomes hungry
[39]/[117] Bob is thinking
[39]/[117] Bob becomes hungry
[39]/[118] Bob is thinking
[31]/[117] Carol becomes hungry
[31]/[118] Carol is thinking
[38]/[96] David finishes 37th dinner
[38]/[97] David is thinking
[42]/[102] Esan finishes 41th dinner
[42]/[103] Esan is thinking
[31]/[118] Carol becomes hungry
[31]/[118] Carol gets the right fork
[31]/[118] Carol gets the left fork
[47]/[104] Alice becomes hungry
[47]/[105] Alice is thinking
[42]/[103] Esan becomes hungry
[42]/[103] Esan gets the right fork
[42]/[104] Esan is thinking
[42]/[104] Esan becomes hungry
[42]/[104] Esan gets the right fork
[42]/[105] Esan is thinking
[42]/[105] Esan becomes hungry
[42]/[105] Esan gets the right fork
[42]/[106] Esan is thinking
[38]/[97] David becomes hungry
[38]/[97] David gets the right fork
[38]/[97] David gets the left fork
[39]/[118] Bob becomes hungry
[39]/[119] Bob is thinking
[39]/[119] Bob becomes hungry
[39]/[120] Bob is thinking
[32]/[118] Carol finishes 31th dinner
[32]/[119] Carol is thinking
[42]/[106] Esan becomes hungry
[42]/[106] Esan gets the right fork
[42]/[106] Esan gets the left fork
[47]/[105] Alice becomes hungry
[47]/[105] Alice gets the right fork
[47]/[106] Alice is thinking
[39]/[97] David finishes 38th dinner
[39]/[98] David is thinking
[39]/[98] David becomes hungry
[39]/[98] David gets the right fork
[39]/[98] David gets the left fork
[32]/[119] Carol becomes hungry
[32]/[120] Carol is thinking
[43]/[106] Esan finishes 42th dinner
[43]/[107] Esan is thinking
[39]/[120] Bob becomes hungry
[39]/[121] Bob is thinking
[40]/[98] David finishes 39th dinner
[40]/[99] David is thinking
[47]/[106] Alice becomes hungry
[47]/[106] Alice gets the right fork
[47]/[106] Alice gets the left fork
[43]/[107] Esan becomes hungry
[43]/[107] Esan gets the right fork
[43]/[107] Esan gets the left fork
[44]/[107] Esan finishes 43th dinner
[44]/[108] Esan is thinking
[39]/[121] Bob becomes hungry
[39]/[121] Bob gets the right fork
[39]/[121] Bob gets the left fork
[32]/[120] Carol becomes hungry
[32]/[120] Carol gets the right fork
[32]/[121] Carol is thinking
[40]/[99] David becomes hungry
[40]/[100] David is thinking
[44]/[108] Esan becomes hungry
[44]/[109] Esan is thinking
[44]/[109] Esan becomes hungry
[44]/[110] Esan is thinking
[40]/[100] David becomes hungry
[40]/[101] David is thinking
[48]/[106] Alice finishes 47th dinner
[48]/[107] Alice is thinking
[48]/[107] Alice becomes hungry
[48]/[107] Alice gets the right fork
[48]/[107] Alice gets the left fork
[40]/[121] Bob finishes 39th dinner
[40]/[122] Bob is thinking
[32]/[121] Carol becomes hungry
[32]/[121] Carol gets the right fork
[32]/[122] Carol is thinking
[32]/[122] Carol becomes hungry
[32]/[122] Carol gets the right fork
[32]/[123] Carol is thinking
[40]/[101] David becomes hungry
[40]/[102] David is thinking
[44]/[110] Esan becomes hungry
[44]/[110] Esan gets the right fork
[44]/[110] Esan gets the left fork
[40]/[122] Bob becomes hungry
[40]/[122] Bob gets the right fork
[40]/[123] Bob is thinking
[49]/[107] Alice finishes 48th dinner
[49]/[108] Alice is thinking
[49]/[108] Alice becomes hungry
[49]/[108] Alice gets the right fork
[49]/[108] Alice gets the left fork
[45]/[110] Esan finishes 44th dinner
[45]/[111] Esan is thinking
[32]/[123] Carol becomes hungry
[32]/[123] Carol gets the right fork
[32]/[124] Carol is thinking
[45]/[111] Esan becomes hungry
[45]/[111] Esan gets the right fork
[45]/[111] Esan gets the left fork
[40]/[123] Bob becomes hungry
[40]/[123] Bob gets the right fork
[40]/[124] Bob is thinking
[40]/[124] Bob becomes hungry
[40]/[124] Bob gets the right fork
[40]/[125] Bob is thinking
[40]/[102] David becomes hungry
[40]/[103] David is thinking
[46]/[111] Esan finishes 45th dinner
[46]/[112] Esan is thinking
[32]/[124] Carol becomes hungry
[32]/[124] Carol gets the right fork
[32]/[125] Carol is thinking
[40]/[125] Bob becomes hungry
[40]/[125] Bob gets the right fork
[40]/[125] Bob gets the left fork
[50]/[108] Alice finishes 49th dinner
[50]/[109] Alice is thinking
[50]/[109] Alice becomes hungry
[50]/[109] Alice gets the right fork
[50]/[109] Alice gets the left fork
[32]/[125] Carol becomes hungry
[32]/[125] Carol gets the right fork
[32]/[126] Carol is thinking
[40]/[103] David becomes hungry
[40]/[104] David is thinking
[46]/[112] Esan becomes hungry
[46]/[113] Esan is thinking
[32]/[126] Carol becomes hungry
[32]/[126] Carol gets the right fork
[32]/[127] Carol is thinking
[41]/[125] Bob finishes 40th dinner
[41]/[126] Bob is thinking
[32]/[127] Carol becomes hungry
[32]/[127] Carol gets the right fork
[32]/[128] Carol is thinking
[51]/[109] Alice finishes 50th dinner
[51]/[110] Alice is thinking
[46]/[113] Esan becomes hungry
[46]/[113] Esan gets the right fork
[46]/[113] Esan gets the left fork
[51]/[110] Alice becomes hungry
[51]/[110] Alice gets the right fork
[51]/[110] Alice gets the left fork
[32]/[128] Carol becomes hungry
[32]/[129] Carol is thinking
[40]/[104] David becomes hungry
[40]/[105] David is thinking
[41]/[126] Bob becomes hungry
[41]/[126] Bob gets the right fork
[41]/[127] Bob is thinking
[52]/[110] Alice finishes 51th dinner
[52]/[111] Alice is thinking
[52]/[111] Alice becomes hungry
[52]/[111] Alice gets the right fork
[52]/[111] Alice gets the left fork
[53]/[111] Alice finishes 52th dinner
[53]/[112] Alice is thinking
[40]/[105] David becomes hungry
[40]/[105] David gets the right fork
[40]/[105] David gets the left fork
[47]/[113] Esan finishes 46th dinner
[47]/[114] Esan is thinking
[32]/[129] Carol becomes hungry
[32]/[129] Carol gets the right fork
[32]/[129] Carol gets the left fork
[41]/[127] Bob becomes hungry
[41]/[128] Bob is thinking
[53]/[112] Alice becomes hungry
[53]/[113] Alice is thinking
[47]/[114] Esan becomes hungry
[47]/[114] Esan gets the right fork
[47]/[115] Esan is thinking
[47]/[115] Esan becomes hungry
[47]/[115] Esan gets the right fork
[47]/[116] Esan is thinking
[47]/[116] Esan becomes hungry
[47]/[116] Esan gets the right fork
[47]/[117] Esan is thinking
[41]/[128] Bob becomes hungry
[41]/[129] Bob is thinking
[33]/[129] Carol finishes 32th dinner
[33]/[130] Carol is thinking
[41]/[105] David finishes 40th dinner
[41]/[106] David is thinking
[53]/[113] Alice becomes hungry
[53]/[113] Alice gets the right fork
[53]/[113] Alice gets the left fork
[47]/[117] Esan becomes hungry
[47]/[117] Esan gets the right fork
[47]/[117] Esan gets the left fork
[33]/[130] Carol becomes hungry
[33]/[131] Carol is thinking
[41]/[129] Bob becomes hungry
[41]/[129] Bob gets the right fork
[41]/[130] Bob is thinking
[54]/[113] Alice finishes 53th dinner
[54]/[114] Alice is thinking
[41]/[130] Bob becomes hungry
[41]/[130] Bob gets the right fork
[41]/[131] Bob is thinking
[48]/[117] Esan finishes 47th dinner
[48]/[118] Esan is thinking
[54]/[114] Alice becomes hungry
[54]/[114] Alice gets the right fork
[54]/[114] Alice gets the left fork
[55]/[114] Alice finishes 54th dinner
[55]/[115] Alice is thinking
[41]/[106] David becomes hungry
[41]/[106] David gets the right fork
[41]/[106] David gets the left fork
[41]/[131] Bob becomes hungry
[41]/[132] Bob is thinking
[33]/[131] Carol becomes hungry
[33]/[131] Carol gets the right fork
[33]/[131] Carol gets the left fork
[55]/[115] Alice becomes hungry
[55]/[116] Alice is thinking
[48]/[118] Esan becomes hungry
[48]/[118] Esan gets the right fork
[48]/[119] Esan is thinking
[41]/[132] Bob becomes hungry
[41]/[133] Bob is thinking
[42]/[106] David finishes 41th dinner
[42]/[107] David is thinking
[48]/[119] Esan becomes hungry
[48]/[119] Esan gets the right fork
[48]/[120] Esan is thinking
[34]/[131] Carol finishes 33th dinner
[34]/[132] Carol is thinking
[42]/[107] David becomes hungry
[42]/[107] David gets the right fork
[42]/[107] David gets the left fork
[48]/[120] Esan becomes hungry
[48]/[120] Esan gets the right fork
[48]/[120] Esan gets the left fork
[34]/[132] Carol becomes hungry
[34]/[133] Carol is thinking
[55]/[116] Alice becomes hungry
[55]/[116] Alice gets the right fork
[55]/[117] Alice is thinking
[55]/[117] Alice becomes hungry
[55]/[117] Alice gets the right fork
[55]/[118] Alice is thinking
[41]/[133] Bob becomes hungry
[41]/[134] Bob is thinking
[43]/[107] David finishes 42th dinner
[43]/[108] David is thinking
[49]/[120] Esan finishes 48th dinner
[49]/[121] Esan is thinking
[43]/[108] David becomes hungry
[43]/[108] David gets the right fork
[43]/[108] David gets the left fork
[44]/[108] David finishes 43th dinner
[44]/[109] David is thinking
[49]/[121] Esan becomes hungry
[49]/[121] Esan gets the right fork
[49]/[121] Esan gets the left fork
[41]/[134] Bob becomes hungry
[41]/[134] Bob gets the right fork
[41]/[135] Bob is thinking
[50]/[121] Esan finishes 49th dinner
[50]/[122] Esan is thinking
[44]/[109] David becomes hungry
[44]/[109] David gets the right fork
[44]/[109] David gets the left fork
[55]/[118] Alice becomes hungry
[55]/[118] Alice gets the right fork
[55]/[119] Alice is thinking
[34]/[133] Carol becomes hungry
[34]/[133] Carol gets the right fork
[34]/[133] Carol gets the left fork
[50]/[122] Esan becomes hungry
[50]/[122] Esan gets the right fork
[50]/[123] Esan is thinking
[55]/[119] Alice becomes hungry
[55]/[120] Alice is thinking
[55]/[120] Alice becomes hungry
[55]/[121] Alice is thinking
[41]/[135] Bob becomes hungry
[41]/[136] Bob is thinking
[50]/[123] Esan becomes hungry
[50]/[123] Esan gets the right fork
[50]/[124] Esan is thinking
[50]/[124] Esan becomes hungry
[50]/[124] Esan gets the right fork
[50]/[125] Esan is thinking
[35]/[133] Carol finishes 34th dinner
[35]/[134] Carol is thinking
[55]/[121] Alice becomes hungry
[55]/[121] Alice gets the right fork
[55]/[122] Alice is thinking
[41]/[136] Bob becomes hungry
[41]/[137] Bob is thinking
[45]/[109] David finishes 44th dinner
[45]/[110] David is thinking
[45]/[110] David becomes hungry
[45]/[110] David gets the right fork
[45]/[110] David gets the left fork
[46]/[110] David finishes 45th dinner
[46]/[111] David is thinking
[35]/[134] Carol becomes hungry
[35]/[134] Carol gets the right fork
[35]/[134] Carol gets the left fork
[50]/[125] Esan becomes hungry
[50]/[125] Esan gets the right fork
[50]/[126] Esan is thinking
[55]/[122] Alice becomes hungry
[55]/[123] Alice is thinking
[55]/[123] Alice becomes hungry
[55]/[124] Alice is thinking
[41]/[137] Bob becomes hungry
[41]/[137] Bob gets the right fork
[41]/[137] Bob gets the left fork
[36]/[134] Carol finishes 35th dinner
[36]/[135] Carol is thinking
[46]/[111] David becomes hungry
[46]/[111] David gets the right fork
[46]/[112] David is thinking
[36]/[135] Carol becomes hungry
[36]/[135] Carol gets the right fork
[36]/[135] Carol gets the left fork
[55]/[124] Alice becomes hungry
[55]/[125] Alice is thinking
[55]/[125] Alice becomes hungry
[55]/[126] Alice is thinking
[46]/[112] David becomes hungry
[46]/[112] David gets the right fork
[46]/[113] David is thinking
[42]/[137] Bob finishes 41th dinner
[42]/[138] Bob is thinking
[42]/[138] Bob becomes hungry
[42]/[138] Bob gets the right fork
[42]/[138] Bob gets the left fork
[50]/[126] Esan becomes hungry
[50]/[127] Esan is thinking
[37]/[135] Carol finishes 36th dinner
[37]/[136] Carol is thinking
[46]/[113] David becomes hungry
[46]/[113] David gets the right fork
[46]/[114] David is thinking
[55]/[126] Alice becomes hungry
[55]/[126] Alice gets the right fork
[55]/[126] Alice gets the left fork
[50]/[127] Esan becomes hungry
[50]/[128] Esan is thinking
[56]/[126] Alice finishes 55th dinner
[56]/[127] Alice is thinking
[43]/[138] Bob finishes 42th dinner
[43]/[139] Bob is thinking
[46]/[114] David becomes hungry
[46]/[114] David gets the right fork
[46]/[114] David gets the left fork
[37]/[136] Carol becomes hungry
[37]/[136] Carol gets the right fork
[37]/[136] Carol gets the left fork
[50]/[128] Esan becomes hungry
[50]/[128] Esan gets the right fork
[50]/[129] Esan is thinking
[38]/[136] Carol finishes 37th dinner
[38]/[137] Carol is thinking
[56]/[127] Alice becomes hungry
[56]/[127] Alice gets the right fork
[56]/[128] Alice is thinking
[43]/[139] Bob becomes hungry
[43]/[140] Bob is thinking
[38]/[137] Carol becomes hungry
[38]/[137] Carol gets the right fork
[38]/[137] Carol gets the left fork
[47]/[114] David finishes 46th dinner
[47]/[115] David is thinking
[56]/[128] Alice becomes hungry
[56]/[129] Alice is thinking
[47]/[115] David becomes hungry
[47]/[115] David gets the right fork
[47]/[115] David gets the left fork
[56]/[129] Alice becomes hungry
[56]/[130] Alice is thinking
[48]/[115] David finishes 47th dinner
[48]/[116] David is thinking
[39]/[137] Carol finishes 38th dinner
[39]/[138] Carol is thinking
[50]/[129] Esan becomes hungry
[50]/[129] Esan gets the right fork
[50]/[129] Esan gets the left fork
[56]/[130] Alice becomes hungry
[56]/[130] Alice gets the right fork
[56]/[130] Alice gets the left fork
[57]/[130] Alice finishes 56th dinner
[57]/[131] Alice is thinking
[57]/[131] Alice becomes hungry
[57]/[131] Alice gets the right fork
[57]/[131] Alice gets the left fork
[51]/[129] Esan finishes 50th dinner
[51]/[130] Esan is thinking
[43]/[140] Bob becomes hungry
[43]/[140] Bob gets the right fork
[43]/[140] Bob gets the left fork
[44]/[140] Bob finishes 43th dinner
[44]/[141] Bob is thinking
[51]/[130] Esan becomes hungry
[51]/[130] Esan gets the right fork
[51]/[130] Esan gets the left fork
[48]/[116] David becomes hungry
[48]/[117] David is thinking
[39]/[138] Carol becomes hungry
[39]/[139] Carol is thinking
[52]/[130] Esan finishes 51th dinner
[52]/[131] Esan is thinking
[44]/[141] Bob becomes hungry
[44]/[141] Bob gets the right fork
[44]/[141] Bob gets the left fork
[52]/[131] Esan becomes hungry
[52]/[132] Esan is thinking
[58]/[131] Alice finishes 57th dinner
[58]/[132] Alice is thinking
[48]/[117] David becomes hungry
[48]/[117] David gets the right fork
[48]/[118] David is thinking
[52]/[132] Esan becomes hungry
[52]/[133] Esan is thinking
[52]/[133] Esan becomes hungry
[52]/[134] Esan is thinking
[39]/[139] Carol becomes hungry
[39]/[139] Carol gets the right fork